{"uuid":"61ffbcc1-8aac-473e-a334-f5b8f4c3fcb5","historyId":"6056e2c22dfb4b4cf9c397ca6c28f887","testCaseId":"b61a6b99cb8c0023005de96a584b07da","fullName":"features/TC005_LiskartB2BPlaceOrder.feature:10","labels":[{"name":"tag","value":"Liskart_B2B_PlaceOrder"},{"name":"host","value":"INTLAP-434-Shahbaz-Anwar"},{"name":"thread","value":"44212@INTLAP-434-Shahbaz-Anwar.main(1)"},{"name":"feature","value":"Place An Order"},{"name":"story","value":"Place An Order"},{"name":"suite","value":"Place An Order"},{"name":"testClass","value":"Place An Order"},{"name":"framework","value":"cucumber4jvm"},{"name":"language","value":"java"},{"name":"gherkin_uri","value":"classpath:features/TC005_LiskartB2BPlaceOrder.feature"},{"name":"package","value":"features.TC005_LiskartB2BPlaceOrder_feature.Place An Order"}],"links":[],"name":"Place An Order","status":"broken","statusDetails":{"known":false,"muted":false,"flaky":false,"message":"element click intercepted: Element <button type=\"button\" aria-label=\"Increment\" class=\"fs-base p-2 border-0 flex-shrink-0 btn btn-outline-medium\">...</button> is not clickable at point (362, 394). Other element would receive the click: <div class=\"position-fixed top-0 start-0 w-100 h-100 d-flex align-items-center justify-content-center bg-dark bg-opacity-50 transition-2_5 pre-loader opacity-1 active\">...</div>\n  (Session info: chrome=142.0.7444.176)\nBuild info: version: '4.16.1', revision: '9b4c83354e'\nSystem info: os.name: 'Windows 11', os.arch: 'amd64', os.version: '10.0', java.version: '21.0.8'\nDriver info: org.openqa.selenium.chrome.ChromeDriver\nCommand: [fade0b618e853c56cbd13b08c5a9958c, clickElement {id=f.6EE42EDEF2DFEB773770BDE0AFAF3530.d.26251FDE7B01646933EF5728DB8578CE.e.9501}]\nCapabilities {acceptInsecureCerts: false, browserName: chrome, browserVersion: 142.0.7444.176, chrome: {chromedriverVersion: 142.0.7444.175 (302067f14a4..., userDataDir: C:\\Users\\SHAHBA~1\\AppData\\L...}, fedcm:accounts: true, goog:chromeOptions: {debuggerAddress: localhost:53533}, goog:processID: 12636, networkConnectionEnabled: false, pageLoadStrategy: normal, platformName: windows, proxy: Proxy(), se:cdp: ws://localhost:53533/devtoo..., se:cdpVersion: 142.0.7444.176, setWindowRect: true, strictFileInteractability: false, timeouts: {implicit: 0, pageLoad: 300000, script: 30000}, unhandledPromptBehavior: dismiss and notify, webauthn:extension:credBlob: true, webauthn:extension:largeBlob: true, webauthn:extension:minPinLength: true, webauthn:extension:prf: true, webauthn:virtualAuthenticators: true}\nElement: [[ChromeDriver: chrome on windows (fade0b618e853c56cbd13b08c5a9958c)] -> xpath: //button[@aria-label=\"Increment\"]]\nSession ID: fade0b618e853c56cbd13b08c5a9958c","trace":"org.openqa.selenium.ElementClickInterceptedException: element click intercepted: Element <button type=\"button\" aria-label=\"Increment\" class=\"fs-base p-2 border-0 flex-shrink-0 btn btn-outline-medium\">...</button> is not clickable at point (362, 394). Other element would receive the click: <div class=\"position-fixed top-0 start-0 w-100 h-100 d-flex align-items-center justify-content-center bg-dark bg-opacity-50 transition-2_5 pre-loader opacity-1 active\">...</div>\n  (Session info: chrome=142.0.7444.176)\nBuild info: version: '4.16.1', revision: '9b4c83354e'\nSystem info: os.name: 'Windows 11', os.arch: 'amd64', os.version: '10.0', java.version: '21.0.8'\nDriver info: org.openqa.selenium.chrome.ChromeDriver\nCommand: [fade0b618e853c56cbd13b08c5a9958c, clickElement {id=f.6EE42EDEF2DFEB773770BDE0AFAF3530.d.26251FDE7B01646933EF5728DB8578CE.e.9501}]\nCapabilities {acceptInsecureCerts: false, browserName: chrome, browserVersion: 142.0.7444.176, chrome: {chromedriverVersion: 142.0.7444.175 (302067f14a4..., userDataDir: C:\\Users\\SHAHBA~1\\AppData\\L...}, fedcm:accounts: true, goog:chromeOptions: {debuggerAddress: localhost:53533}, goog:processID: 12636, networkConnectionEnabled: false, pageLoadStrategy: normal, platformName: windows, proxy: Proxy(), se:cdp: ws://localhost:53533/devtoo..., se:cdpVersion: 142.0.7444.176, setWindowRect: true, strictFileInteractability: false, timeouts: {implicit: 0, pageLoad: 300000, script: 30000}, unhandledPromptBehavior: dismiss and notify, webauthn:extension:credBlob: true, webauthn:extension:largeBlob: true, webauthn:extension:minPinLength: true, webauthn:extension:prf: true, webauthn:virtualAuthenticators: true}\nElement: [[ChromeDriver: chrome on windows (fade0b618e853c56cbd13b08c5a9958c)] -> xpath: //button[@aria-label=\"Increment\"]]\nSession ID: fade0b618e853c56cbd13b08c5a9958c\r\n\tat java.base/jdk.internal.reflect.DirectConstructorHandleAccessor.newInstance(DirectConstructorHandleAccessor.java:62)\r\n\tat java.base/java.lang.reflect.Constructor.newInstanceWithCaller(Constructor.java:502)\r\n\tat java.base/java.lang.reflect.Constructor.newInstance(Constructor.java:486)\r\n\tat org.openqa.selenium.remote.codec.w3c.W3CHttpResponseCodec.createException(W3CHttpResponseCodec.java:200)\r\n\tat org.openqa.selenium.remote.codec.w3c.W3CHttpResponseCodec.decode(W3CHttpResponseCodec.java:133)\r\n\tat org.openqa.selenium.remote.codec.w3c.W3CHttpResponseCodec.decode(W3CHttpResponseCodec.java:52)\r\n\tat org.openqa.selenium.remote.HttpCommandExecutor.execute(HttpCommandExecutor.java:191)\r\n\tat org.openqa.selenium.remote.service.DriverCommandExecutor.invokeExecute(DriverCommandExecutor.java:200)\r\n\tat org.openqa.selenium.remote.service.DriverCommandExecutor.execute(DriverCommandExecutor.java:175)\r\n\tat org.openqa.selenium.remote.RemoteWebDriver.execute(RemoteWebDriver.java:523)\r\n\tat org.openqa.selenium.remote.RemoteWebElement.execute(RemoteWebElement.java:224)\r\n\tat org.openqa.selenium.remote.RemoteWebElement.click(RemoteWebElement.java:77)\r\n\tat StepDefinitions.Liskart_B2B_PlaceOrder_StepDef.Click_on_Incement_button_to_increase_the_amount_of_product(Liskart_B2B_PlaceOrder_StepDef.java:111)\r\n\tat ✽.Click on Incement button to increase the amount of product(classpath:features/TC005_LiskartB2BPlaceOrder.feature:14)\r\n"},"stage":"finished","steps":[{"name":"Given Login to Liskart","status":"passed","statusDetails":{"known":false,"muted":false,"flaky":false},"stage":"finished","steps":[],"attachments":[],"parameters":[],"start":1764654848223,"stop":1764654855226},{"name":"Then Find the Product","status":"passed","statusDetails":{"known":false,"muted":false,"flaky":false},"stage":"finished","steps":[],"attachments":[],"parameters":[],"start":1764654855227,"stop":1764654872398},{"name":"And Click on buy now","status":"passed","statusDetails":{"known":false,"muted":false,"flaky":false},"stage":"finished","steps":[],"attachments":[],"parameters":[],"start":1764654872400,"stop":1764654892444},{"name":"Then Click on Incement button to increase the amount of product","status":"broken","statusDetails":{"known":false,"muted":false,"flaky":false,"message":"element click intercepted: Element <button type=\"button\" aria-label=\"Increment\" class=\"fs-base p-2 border-0 flex-shrink-0 btn btn-outline-medium\">...</button> is not clickable at point (362, 394). Other element would receive the click: <div class=\"position-fixed top-0 start-0 w-100 h-100 d-flex align-items-center justify-content-center bg-dark bg-opacity-50 transition-2_5 pre-loader opacity-1 active\">...</div>\n  (Session info: chrome=142.0.7444.176)\nBuild info: version: '4.16.1', revision: '9b4c83354e'\nSystem info: os.name: 'Windows 11', os.arch: 'amd64', os.version: '10.0', java.version: '21.0.8'\nDriver info: org.openqa.selenium.chrome.ChromeDriver\nCommand: [fade0b618e853c56cbd13b08c5a9958c, clickElement {id=f.6EE42EDEF2DFEB773770BDE0AFAF3530.d.26251FDE7B01646933EF5728DB8578CE.e.9501}]\nCapabilities {acceptInsecureCerts: false, browserName: chrome, browserVersion: 142.0.7444.176, chrome: {chromedriverVersion: 142.0.7444.175 (302067f14a4..., userDataDir: C:\\Users\\SHAHBA~1\\AppData\\L...}, fedcm:accounts: true, goog:chromeOptions: {debuggerAddress: localhost:53533}, goog:processID: 12636, networkConnectionEnabled: false, pageLoadStrategy: normal, platformName: windows, proxy: Proxy(), se:cdp: ws://localhost:53533/devtoo..., se:cdpVersion: 142.0.7444.176, setWindowRect: true, strictFileInteractability: false, timeouts: {implicit: 0, pageLoad: 300000, script: 30000}, unhandledPromptBehavior: dismiss and notify, webauthn:extension:credBlob: true, webauthn:extension:largeBlob: true, webauthn:extension:minPinLength: true, webauthn:extension:prf: true, webauthn:virtualAuthenticators: true}\nElement: [[ChromeDriver: chrome on windows (fade0b618e853c56cbd13b08c5a9958c)] -> xpath: //button[@aria-label=\"Increment\"]]\nSession ID: fade0b618e853c56cbd13b08c5a9958c","trace":"org.openqa.selenium.ElementClickInterceptedException: element click intercepted: Element <button type=\"button\" aria-label=\"Increment\" class=\"fs-base p-2 border-0 flex-shrink-0 btn btn-outline-medium\">...</button> is not clickable at point (362, 394). Other element would receive the click: <div class=\"position-fixed top-0 start-0 w-100 h-100 d-flex align-items-center justify-content-center bg-dark bg-opacity-50 transition-2_5 pre-loader opacity-1 active\">...</div>\n  (Session info: chrome=142.0.7444.176)\nBuild info: version: '4.16.1', revision: '9b4c83354e'\nSystem info: os.name: 'Windows 11', os.arch: 'amd64', os.version: '10.0', java.version: '21.0.8'\nDriver info: org.openqa.selenium.chrome.ChromeDriver\nCommand: [fade0b618e853c56cbd13b08c5a9958c, clickElement {id=f.6EE42EDEF2DFEB773770BDE0AFAF3530.d.26251FDE7B01646933EF5728DB8578CE.e.9501}]\nCapabilities {acceptInsecureCerts: false, browserName: chrome, browserVersion: 142.0.7444.176, chrome: {chromedriverVersion: 142.0.7444.175 (302067f14a4..., userDataDir: C:\\Users\\SHAHBA~1\\AppData\\L...}, fedcm:accounts: true, goog:chromeOptions: {debuggerAddress: localhost:53533}, goog:processID: 12636, networkConnectionEnabled: false, pageLoadStrategy: normal, platformName: windows, proxy: Proxy(), se:cdp: ws://localhost:53533/devtoo..., se:cdpVersion: 142.0.7444.176, setWindowRect: true, strictFileInteractability: false, timeouts: {implicit: 0, pageLoad: 300000, script: 30000}, unhandledPromptBehavior: dismiss and notify, webauthn:extension:credBlob: true, webauthn:extension:largeBlob: true, webauthn:extension:minPinLength: true, webauthn:extension:prf: true, webauthn:virtualAuthenticators: true}\nElement: [[ChromeDriver: chrome on windows (fade0b618e853c56cbd13b08c5a9958c)] -> xpath: //button[@aria-label=\"Increment\"]]\nSession ID: fade0b618e853c56cbd13b08c5a9958c\r\n\tat java.base/jdk.internal.reflect.DirectConstructorHandleAccessor.newInstance(DirectConstructorHandleAccessor.java:62)\r\n\tat java.base/java.lang.reflect.Constructor.newInstanceWithCaller(Constructor.java:502)\r\n\tat java.base/java.lang.reflect.Constructor.newInstance(Constructor.java:486)\r\n\tat org.openqa.selenium.remote.codec.w3c.W3CHttpResponseCodec.createException(W3CHttpResponseCodec.java:200)\r\n\tat org.openqa.selenium.remote.codec.w3c.W3CHttpResponseCodec.decode(W3CHttpResponseCodec.java:133)\r\n\tat org.openqa.selenium.remote.codec.w3c.W3CHttpResponseCodec.decode(W3CHttpResponseCodec.java:52)\r\n\tat org.openqa.selenium.remote.HttpCommandExecutor.execute(HttpCommandExecutor.java:191)\r\n\tat org.openqa.selenium.remote.service.DriverCommandExecutor.invokeExecute(DriverCommandExecutor.java:200)\r\n\tat org.openqa.selenium.remote.service.DriverCommandExecutor.execute(DriverCommandExecutor.java:175)\r\n\tat org.openqa.selenium.remote.RemoteWebDriver.execute(RemoteWebDriver.java:523)\r\n\tat org.openqa.selenium.remote.RemoteWebElement.execute(RemoteWebElement.java:224)\r\n\tat org.openqa.selenium.remote.RemoteWebElement.click(RemoteWebElement.java:77)\r\n\tat StepDefinitions.Liskart_B2B_PlaceOrder_StepDef.Click_on_Incement_button_to_increase_the_amount_of_product(Liskart_B2B_PlaceOrder_StepDef.java:111)\r\n\tat ✽.Click on Incement button to increase the amount of product(classpath:features/TC005_LiskartB2BPlaceOrder.feature:14)\r\n"},"stage":"finished","steps":[],"attachments":[],"parameters":[],"start":1764654892446,"stop":1764654893718},{"name":"Then Click on proceed to checkout","status":"skipped","statusDetails":{"known":false,"muted":false,"flaky":false},"stage":"finished","steps":[],"attachments":[],"parameters":[],"start":1764654893720,"stop":1764654893721},{"name":"Then Select a payment method","status":"skipped","statusDetails":{"known":false,"muted":false,"flaky":false},"stage":"finished","steps":[],"attachments":[],"parameters":[],"start":1764654893723,"stop":1764654893724},{"name":"And Place the order","status":"skipped","statusDetails":{"known":false,"muted":false,"flaky":false},"stage":"finished","steps":[],"attachments":[],"parameters":[],"start":1764654893725,"stop":1764654893731},{"name":"Then Select how do you pay","status":"skipped","statusDetails":{"known":false,"muted":false,"flaky":false},"stage":"finished","steps":[],"attachments":[],"parameters":[],"start":1764654893732,"stop":1764654893733},{"name":"Then Select a bank to do your payment","status":"skipped","statusDetails":{"known":false,"muted":false,"flaky":false},"stage":"finished","steps":[],"attachments":[],"parameters":[],"start":1764654893734,"stop":1764654893736},{"name":"Then Click on final pay button to pay","status":"skipped","statusDetails":{"known":false,"muted":false,"flaky":false},"stage":"finished","steps":[],"attachments":[],"parameters":[],"start":1764654893738,"stop":1764654893739},{"name":"And Click on success","status":"skipped","statusDetails":{"known":false,"muted":false,"flaky":false},"stage":"finished","steps":[],"attachments":[],"parameters":[],"start":1764654893741,"stop":1764654893742},{"name":"Then View the product","status":"skipped","statusDetails":{"known":false,"muted":false,"flaky":false},"stage":"finished","steps":[],"attachments":[],"parameters":[],"start":1764654893743,"stop":1764654893744}],"attachments":[],"parameters":[],"start":1764654842402,"stop":1764654893754}