{"uuid":"6bb9f0e6-cec2-43be-9194-a5c056264fca","historyId":"6056e2c22dfb4b4cf9c397ca6c28f887","testCaseId":"b61a6b99cb8c0023005de96a584b07da","fullName":"features/TC005_LiskartB2BPlaceOrder.feature:10","labels":[{"name":"tag","value":"Liskart_B2B_PlaceOrder"},{"name":"host","value":"INTLAP-434-Shahbaz-Anwar"},{"name":"thread","value":"10660@INTLAP-434-Shahbaz-Anwar.main(1)"},{"name":"feature","value":"Place An Order"},{"name":"story","value":"Place An Order"},{"name":"suite","value":"Place An Order"},{"name":"testClass","value":"Place An Order"},{"name":"framework","value":"cucumber4jvm"},{"name":"language","value":"java"},{"name":"gherkin_uri","value":"classpath:features/TC005_LiskartB2BPlaceOrder.feature"},{"name":"package","value":"features.TC005_LiskartB2BPlaceOrder_feature.Place An Order"}],"links":[],"name":"Place An Order","status":"broken","statusDetails":{"known":false,"muted":false,"flaky":false,"message":"element click intercepted: Element <button type=\"button\" aria-label=\"Increment\" class=\"fs-base p-2 border-0 flex-shrink-0 btn btn-outline-medium\">...</button> is not clickable at point (362, 394). Other element would receive the click: <div class=\"position-fixed top-0 start-0 w-100 h-100 d-flex align-items-center justify-content-center bg-dark bg-opacity-50 transition-2_5 pre-loader opacity-1 active\">...</div>\n  (Session info: chrome=142.0.7444.176)\nBuild info: version: '4.16.1', revision: '9b4c83354e'\nSystem info: os.name: 'Windows 11', os.arch: 'amd64', os.version: '10.0', java.version: '21.0.8'\nDriver info: org.openqa.selenium.chrome.ChromeDriver\nCommand: [2d28e0529a103929780767cc461b1689, clickElement {id=f.E43F0EBC0BF68FA9A6330EC7774DD3A7.d.9A1943861B4E4E99ECD85BAC30ACE340.e.7058}]\nCapabilities {acceptInsecureCerts: false, browserName: chrome, browserVersion: 142.0.7444.176, chrome: {chromedriverVersion: 142.0.7444.175 (302067f14a4..., userDataDir: C:\\Users\\SHAHBA~1\\AppData\\L...}, fedcm:accounts: true, goog:chromeOptions: {debuggerAddress: localhost:59349}, goog:processID: 19832, networkConnectionEnabled: false, pageLoadStrategy: normal, platformName: windows, proxy: Proxy(), se:cdp: ws://localhost:59349/devtoo..., se:cdpVersion: 142.0.7444.176, setWindowRect: true, strictFileInteractability: false, timeouts: {implicit: 0, pageLoad: 300000, script: 30000}, unhandledPromptBehavior: dismiss and notify, webauthn:extension:credBlob: true, webauthn:extension:largeBlob: true, webauthn:extension:minPinLength: true, webauthn:extension:prf: true, webauthn:virtualAuthenticators: true}\nElement: [[ChromeDriver: chrome on windows (2d28e0529a103929780767cc461b1689)] -> xpath: //button[@aria-label=\"Increment\"]]\nSession ID: 2d28e0529a103929780767cc461b1689","trace":"org.openqa.selenium.ElementClickInterceptedException: element click intercepted: Element <button type=\"button\" aria-label=\"Increment\" class=\"fs-base p-2 border-0 flex-shrink-0 btn btn-outline-medium\">...</button> is not clickable at point (362, 394). Other element would receive the click: <div class=\"position-fixed top-0 start-0 w-100 h-100 d-flex align-items-center justify-content-center bg-dark bg-opacity-50 transition-2_5 pre-loader opacity-1 active\">...</div>\n  (Session info: chrome=142.0.7444.176)\nBuild info: version: '4.16.1', revision: '9b4c83354e'\nSystem info: os.name: 'Windows 11', os.arch: 'amd64', os.version: '10.0', java.version: '21.0.8'\nDriver info: org.openqa.selenium.chrome.ChromeDriver\nCommand: [2d28e0529a103929780767cc461b1689, clickElement {id=f.E43F0EBC0BF68FA9A6330EC7774DD3A7.d.9A1943861B4E4E99ECD85BAC30ACE340.e.7058}]\nCapabilities {acceptInsecureCerts: false, browserName: chrome, browserVersion: 142.0.7444.176, chrome: {chromedriverVersion: 142.0.7444.175 (302067f14a4..., userDataDir: C:\\Users\\SHAHBA~1\\AppData\\L...}, fedcm:accounts: true, goog:chromeOptions: {debuggerAddress: localhost:59349}, goog:processID: 19832, networkConnectionEnabled: false, pageLoadStrategy: normal, platformName: windows, proxy: Proxy(), se:cdp: ws://localhost:59349/devtoo..., se:cdpVersion: 142.0.7444.176, setWindowRect: true, strictFileInteractability: false, timeouts: {implicit: 0, pageLoad: 300000, script: 30000}, unhandledPromptBehavior: dismiss and notify, webauthn:extension:credBlob: true, webauthn:extension:largeBlob: true, webauthn:extension:minPinLength: true, webauthn:extension:prf: true, webauthn:virtualAuthenticators: true}\nElement: [[ChromeDriver: chrome on windows (2d28e0529a103929780767cc461b1689)] -> xpath: //button[@aria-label=\"Increment\"]]\nSession ID: 2d28e0529a103929780767cc461b1689\r\n\tat java.base/jdk.internal.reflect.DirectConstructorHandleAccessor.newInstance(DirectConstructorHandleAccessor.java:62)\r\n\tat java.base/java.lang.reflect.Constructor.newInstanceWithCaller(Constructor.java:502)\r\n\tat java.base/java.lang.reflect.Constructor.newInstance(Constructor.java:486)\r\n\tat org.openqa.selenium.remote.codec.w3c.W3CHttpResponseCodec.createException(W3CHttpResponseCodec.java:200)\r\n\tat org.openqa.selenium.remote.codec.w3c.W3CHttpResponseCodec.decode(W3CHttpResponseCodec.java:133)\r\n\tat org.openqa.selenium.remote.codec.w3c.W3CHttpResponseCodec.decode(W3CHttpResponseCodec.java:52)\r\n\tat org.openqa.selenium.remote.HttpCommandExecutor.execute(HttpCommandExecutor.java:191)\r\n\tat org.openqa.selenium.remote.service.DriverCommandExecutor.invokeExecute(DriverCommandExecutor.java:200)\r\n\tat org.openqa.selenium.remote.service.DriverCommandExecutor.execute(DriverCommandExecutor.java:175)\r\n\tat org.openqa.selenium.remote.RemoteWebDriver.execute(RemoteWebDriver.java:523)\r\n\tat org.openqa.selenium.remote.RemoteWebElement.execute(RemoteWebElement.java:224)\r\n\tat org.openqa.selenium.remote.RemoteWebElement.click(RemoteWebElement.java:77)\r\n\tat StepDefinitions.Liskart_B2B_PlaceOrder_StepDef.Click_on_Incement_button_to_increase_the_amount_of_product(Liskart_B2B_PlaceOrder_StepDef.java:119)\r\n\tat ✽.Click on Incement button to increase the amount of product(classpath:features/TC005_LiskartB2BPlaceOrder.feature:14)\r\n"},"stage":"finished","steps":[{"name":"Given Login to Liskart","status":"passed","statusDetails":{"known":false,"muted":false,"flaky":false},"stage":"finished","steps":[],"attachments":[],"parameters":[],"start":1764655866635,"stop":1764655876462},{"name":"Then Find the Product","status":"passed","statusDetails":{"known":false,"muted":false,"flaky":false},"stage":"finished","steps":[],"attachments":[],"parameters":[],"start":1764655876467,"stop":1764655892033},{"name":"And Click on buy now","status":"passed","statusDetails":{"known":false,"muted":false,"flaky":false},"stage":"finished","steps":[],"attachments":[],"parameters":[],"start":1764655892036,"stop":1764655907241},{"name":"Then Click on Incement button to increase the amount of product","status":"broken","statusDetails":{"known":false,"muted":false,"flaky":false,"message":"element click intercepted: Element <button type=\"button\" aria-label=\"Increment\" class=\"fs-base p-2 border-0 flex-shrink-0 btn btn-outline-medium\">...</button> is not clickable at point (362, 394). Other element would receive the click: <div class=\"position-fixed top-0 start-0 w-100 h-100 d-flex align-items-center justify-content-center bg-dark bg-opacity-50 transition-2_5 pre-loader opacity-1 active\">...</div>\n  (Session info: chrome=142.0.7444.176)\nBuild info: version: '4.16.1', revision: '9b4c83354e'\nSystem info: os.name: 'Windows 11', os.arch: 'amd64', os.version: '10.0', java.version: '21.0.8'\nDriver info: org.openqa.selenium.chrome.ChromeDriver\nCommand: [2d28e0529a103929780767cc461b1689, clickElement {id=f.E43F0EBC0BF68FA9A6330EC7774DD3A7.d.9A1943861B4E4E99ECD85BAC30ACE340.e.7058}]\nCapabilities {acceptInsecureCerts: false, browserName: chrome, browserVersion: 142.0.7444.176, chrome: {chromedriverVersion: 142.0.7444.175 (302067f14a4..., userDataDir: C:\\Users\\SHAHBA~1\\AppData\\L...}, fedcm:accounts: true, goog:chromeOptions: {debuggerAddress: localhost:59349}, goog:processID: 19832, networkConnectionEnabled: false, pageLoadStrategy: normal, platformName: windows, proxy: Proxy(), se:cdp: ws://localhost:59349/devtoo..., se:cdpVersion: 142.0.7444.176, setWindowRect: true, strictFileInteractability: false, timeouts: {implicit: 0, pageLoad: 300000, script: 30000}, unhandledPromptBehavior: dismiss and notify, webauthn:extension:credBlob: true, webauthn:extension:largeBlob: true, webauthn:extension:minPinLength: true, webauthn:extension:prf: true, webauthn:virtualAuthenticators: true}\nElement: [[ChromeDriver: chrome on windows (2d28e0529a103929780767cc461b1689)] -> xpath: //button[@aria-label=\"Increment\"]]\nSession ID: 2d28e0529a103929780767cc461b1689","trace":"org.openqa.selenium.ElementClickInterceptedException: element click intercepted: Element <button type=\"button\" aria-label=\"Increment\" class=\"fs-base p-2 border-0 flex-shrink-0 btn btn-outline-medium\">...</button> is not clickable at point (362, 394). Other element would receive the click: <div class=\"position-fixed top-0 start-0 w-100 h-100 d-flex align-items-center justify-content-center bg-dark bg-opacity-50 transition-2_5 pre-loader opacity-1 active\">...</div>\n  (Session info: chrome=142.0.7444.176)\nBuild info: version: '4.16.1', revision: '9b4c83354e'\nSystem info: os.name: 'Windows 11', os.arch: 'amd64', os.version: '10.0', java.version: '21.0.8'\nDriver info: org.openqa.selenium.chrome.ChromeDriver\nCommand: [2d28e0529a103929780767cc461b1689, clickElement {id=f.E43F0EBC0BF68FA9A6330EC7774DD3A7.d.9A1943861B4E4E99ECD85BAC30ACE340.e.7058}]\nCapabilities {acceptInsecureCerts: false, browserName: chrome, browserVersion: 142.0.7444.176, chrome: {chromedriverVersion: 142.0.7444.175 (302067f14a4..., userDataDir: C:\\Users\\SHAHBA~1\\AppData\\L...}, fedcm:accounts: true, goog:chromeOptions: {debuggerAddress: localhost:59349}, goog:processID: 19832, networkConnectionEnabled: false, pageLoadStrategy: normal, platformName: windows, proxy: Proxy(), se:cdp: ws://localhost:59349/devtoo..., se:cdpVersion: 142.0.7444.176, setWindowRect: true, strictFileInteractability: false, timeouts: {implicit: 0, pageLoad: 300000, script: 30000}, unhandledPromptBehavior: dismiss and notify, webauthn:extension:credBlob: true, webauthn:extension:largeBlob: true, webauthn:extension:minPinLength: true, webauthn:extension:prf: true, webauthn:virtualAuthenticators: true}\nElement: [[ChromeDriver: chrome on windows (2d28e0529a103929780767cc461b1689)] -> xpath: //button[@aria-label=\"Increment\"]]\nSession ID: 2d28e0529a103929780767cc461b1689\r\n\tat java.base/jdk.internal.reflect.DirectConstructorHandleAccessor.newInstance(DirectConstructorHandleAccessor.java:62)\r\n\tat java.base/java.lang.reflect.Constructor.newInstanceWithCaller(Constructor.java:502)\r\n\tat java.base/java.lang.reflect.Constructor.newInstance(Constructor.java:486)\r\n\tat org.openqa.selenium.remote.codec.w3c.W3CHttpResponseCodec.createException(W3CHttpResponseCodec.java:200)\r\n\tat org.openqa.selenium.remote.codec.w3c.W3CHttpResponseCodec.decode(W3CHttpResponseCodec.java:133)\r\n\tat org.openqa.selenium.remote.codec.w3c.W3CHttpResponseCodec.decode(W3CHttpResponseCodec.java:52)\r\n\tat org.openqa.selenium.remote.HttpCommandExecutor.execute(HttpCommandExecutor.java:191)\r\n\tat org.openqa.selenium.remote.service.DriverCommandExecutor.invokeExecute(DriverCommandExecutor.java:200)\r\n\tat org.openqa.selenium.remote.service.DriverCommandExecutor.execute(DriverCommandExecutor.java:175)\r\n\tat org.openqa.selenium.remote.RemoteWebDriver.execute(RemoteWebDriver.java:523)\r\n\tat org.openqa.selenium.remote.RemoteWebElement.execute(RemoteWebElement.java:224)\r\n\tat org.openqa.selenium.remote.RemoteWebElement.click(RemoteWebElement.java:77)\r\n\tat StepDefinitions.Liskart_B2B_PlaceOrder_StepDef.Click_on_Incement_button_to_increase_the_amount_of_product(Liskart_B2B_PlaceOrder_StepDef.java:119)\r\n\tat ✽.Click on Incement button to increase the amount of product(classpath:features/TC005_LiskartB2BPlaceOrder.feature:14)\r\n"},"stage":"finished","steps":[],"attachments":[],"parameters":[],"start":1764655907242,"stop":1764655908477},{"name":"Then Click on proceed to checkout","status":"skipped","statusDetails":{"known":false,"muted":false,"flaky":false},"stage":"finished","steps":[],"attachments":[],"parameters":[],"start":1764655908483,"stop":1764655908484},{"name":"Then Select a payment method","status":"skipped","statusDetails":{"known":false,"muted":false,"flaky":false},"stage":"finished","steps":[],"attachments":[],"parameters":[],"start":1764655908485,"stop":1764655908485},{"name":"And Place the order","status":"skipped","statusDetails":{"known":false,"muted":false,"flaky":false},"stage":"finished","steps":[],"attachments":[],"parameters":[],"start":1764655908486,"stop":1764655908486},{"name":"Then Select how do you pay","status":"skipped","statusDetails":{"known":false,"muted":false,"flaky":false},"stage":"finished","steps":[],"attachments":[],"parameters":[],"start":1764655908486,"stop":1764655908487},{"name":"Then Select a bank to do your payment","status":"skipped","statusDetails":{"known":false,"muted":false,"flaky":false},"stage":"finished","steps":[],"attachments":[],"parameters":[],"start":1764655908487,"stop":1764655908487},{"name":"Then Click on final pay button to pay","status":"skipped","statusDetails":{"known":false,"muted":false,"flaky":false},"stage":"finished","steps":[],"attachments":[],"parameters":[],"start":1764655908488,"stop":1764655908488},{"name":"And Click on success","status":"skipped","statusDetails":{"known":false,"muted":false,"flaky":false},"stage":"finished","steps":[],"attachments":[],"parameters":[],"start":1764655908488,"stop":1764655908488},{"name":"Then View the product","status":"skipped","statusDetails":{"known":false,"muted":false,"flaky":false},"stage":"finished","steps":[],"attachments":[],"parameters":[],"start":1764655908489,"stop":1764655908489}],"attachments":[],"parameters":[],"start":1764655860077,"stop":1764655908500}