{"uuid":"be03a053-042d-40d6-9f42-7b9267650e7f","historyId":"6056e2c22dfb4b4cf9c397ca6c28f887","testCaseId":"b61a6b99cb8c0023005de96a584b07da","fullName":"features/TC005_LiskartB2BPlaceOrder.feature:10","labels":[{"name":"tag","value":"Liskart_B2B_PlaceOrder"},{"name":"host","value":"INTLAP-434-Shahbaz-Anwar"},{"name":"thread","value":"13176@INTLAP-434-Shahbaz-Anwar.main(1)"},{"name":"feature","value":"Place An Order"},{"name":"story","value":"Place An Order"},{"name":"suite","value":"Place An Order"},{"name":"testClass","value":"Place An Order"},{"name":"framework","value":"cucumber4jvm"},{"name":"language","value":"java"},{"name":"gherkin_uri","value":"classpath:features/TC005_LiskartB2BPlaceOrder.feature"},{"name":"package","value":"features.TC005_LiskartB2BPlaceOrder_feature.Place An Order"}],"links":[],"name":"Place An Order","status":"broken","statusDetails":{"known":false,"muted":false,"flaky":false,"message":"element click intercepted: Element <button type=\"button\" aria-label=\"Increment\" class=\"fs-base p-2 border-0 flex-shrink-0 btn btn-outline-medium\">...</button> is not clickable at point (362, 394). Other element would receive the click: <div class=\"position-fixed top-0 start-0 w-100 h-100 d-flex align-items-center justify-content-center bg-dark bg-opacity-50 transition-2_5 pre-loader opacity-1 active\">...</div>\n  (Session info: chrome=142.0.7444.176)\nBuild info: version: '4.16.1', revision: '9b4c83354e'\nSystem info: os.name: 'Windows 11', os.arch: 'amd64', os.version: '10.0', java.version: '21.0.8'\nDriver info: org.openqa.selenium.chrome.ChromeDriver\nCommand: [61d4271a95dd5ec85f8e0e7ed5fad593, clickElement {id=f.D0BDCC7DCD10FB08BF35639680334121.d.732FCCDAA84D9EA74F1CB747CDA45308.e.7451}]\nCapabilities {acceptInsecureCerts: false, browserName: chrome, browserVersion: 142.0.7444.176, chrome: {chromedriverVersion: 142.0.7444.175 (302067f14a4..., userDataDir: C:\\Users\\SHAHBA~1\\AppData\\L...}, fedcm:accounts: true, goog:chromeOptions: {debuggerAddress: localhost:51477}, goog:processID: 41480, networkConnectionEnabled: false, pageLoadStrategy: normal, platformName: windows, proxy: Proxy(), se:cdp: ws://localhost:51477/devtoo..., se:cdpVersion: 142.0.7444.176, setWindowRect: true, strictFileInteractability: false, timeouts: {implicit: 0, pageLoad: 300000, script: 30000}, unhandledPromptBehavior: dismiss and notify, webauthn:extension:credBlob: true, webauthn:extension:largeBlob: true, webauthn:extension:minPinLength: true, webauthn:extension:prf: true, webauthn:virtualAuthenticators: true}\nElement: [[ChromeDriver: chrome on windows (61d4271a95dd5ec85f8e0e7ed5fad593)] -> xpath: //button[@aria-label=\"Increment\"]]\nSession ID: 61d4271a95dd5ec85f8e0e7ed5fad593","trace":"org.openqa.selenium.ElementClickInterceptedException: element click intercepted: Element <button type=\"button\" aria-label=\"Increment\" class=\"fs-base p-2 border-0 flex-shrink-0 btn btn-outline-medium\">...</button> is not clickable at point (362, 394). Other element would receive the click: <div class=\"position-fixed top-0 start-0 w-100 h-100 d-flex align-items-center justify-content-center bg-dark bg-opacity-50 transition-2_5 pre-loader opacity-1 active\">...</div>\n  (Session info: chrome=142.0.7444.176)\nBuild info: version: '4.16.1', revision: '9b4c83354e'\nSystem info: os.name: 'Windows 11', os.arch: 'amd64', os.version: '10.0', java.version: '21.0.8'\nDriver info: org.openqa.selenium.chrome.ChromeDriver\nCommand: [61d4271a95dd5ec85f8e0e7ed5fad593, clickElement {id=f.D0BDCC7DCD10FB08BF35639680334121.d.732FCCDAA84D9EA74F1CB747CDA45308.e.7451}]\nCapabilities {acceptInsecureCerts: false, browserName: chrome, browserVersion: 142.0.7444.176, chrome: {chromedriverVersion: 142.0.7444.175 (302067f14a4..., userDataDir: C:\\Users\\SHAHBA~1\\AppData\\L...}, fedcm:accounts: true, goog:chromeOptions: {debuggerAddress: localhost:51477}, goog:processID: 41480, networkConnectionEnabled: false, pageLoadStrategy: normal, platformName: windows, proxy: Proxy(), se:cdp: ws://localhost:51477/devtoo..., se:cdpVersion: 142.0.7444.176, setWindowRect: true, strictFileInteractability: false, timeouts: {implicit: 0, pageLoad: 300000, script: 30000}, unhandledPromptBehavior: dismiss and notify, webauthn:extension:credBlob: true, webauthn:extension:largeBlob: true, webauthn:extension:minPinLength: true, webauthn:extension:prf: true, webauthn:virtualAuthenticators: true}\nElement: [[ChromeDriver: chrome on windows (61d4271a95dd5ec85f8e0e7ed5fad593)] -> xpath: //button[@aria-label=\"Increment\"]]\nSession ID: 61d4271a95dd5ec85f8e0e7ed5fad593\r\n\tat java.base/jdk.internal.reflect.DirectConstructorHandleAccessor.newInstance(DirectConstructorHandleAccessor.java:62)\r\n\tat java.base/java.lang.reflect.Constructor.newInstanceWithCaller(Constructor.java:502)\r\n\tat java.base/java.lang.reflect.Constructor.newInstance(Constructor.java:486)\r\n\tat org.openqa.selenium.remote.codec.w3c.W3CHttpResponseCodec.createException(W3CHttpResponseCodec.java:200)\r\n\tat org.openqa.selenium.remote.codec.w3c.W3CHttpResponseCodec.decode(W3CHttpResponseCodec.java:133)\r\n\tat org.openqa.selenium.remote.codec.w3c.W3CHttpResponseCodec.decode(W3CHttpResponseCodec.java:52)\r\n\tat org.openqa.selenium.remote.HttpCommandExecutor.execute(HttpCommandExecutor.java:191)\r\n\tat org.openqa.selenium.remote.service.DriverCommandExecutor.invokeExecute(DriverCommandExecutor.java:200)\r\n\tat org.openqa.selenium.remote.service.DriverCommandExecutor.execute(DriverCommandExecutor.java:175)\r\n\tat org.openqa.selenium.remote.RemoteWebDriver.execute(RemoteWebDriver.java:523)\r\n\tat org.openqa.selenium.remote.RemoteWebElement.execute(RemoteWebElement.java:224)\r\n\tat org.openqa.selenium.remote.RemoteWebElement.click(RemoteWebElement.java:77)\r\n\tat StepDefinitions.Liskart_B2B_PlaceOrder_StepDef.Click_on_Incement_button_to_increase_the_amount_of_product(Liskart_B2B_PlaceOrder_StepDef.java:101)\r\n\tat ✽.Click on Incement button to increase the amount of product(classpath:features/TC005_LiskartB2BPlaceOrder.feature:14)\r\n"},"stage":"finished","steps":[{"name":"Given Login to Liskart","status":"passed","statusDetails":{"known":false,"muted":false,"flaky":false},"stage":"finished","steps":[],"attachments":[],"parameters":[],"start":1764653444022,"stop":1764653451932},{"name":"Then Find the Product","status":"passed","statusDetails":{"known":false,"muted":false,"flaky":false},"stage":"finished","steps":[],"attachments":[],"parameters":[],"start":1764653451936,"stop":1764653468636},{"name":"And Click on buy now","status":"passed","statusDetails":{"known":false,"muted":false,"flaky":false},"stage":"finished","steps":[],"attachments":[],"parameters":[],"start":1764653468638,"stop":1764653489797},{"name":"Then Click on Incement button to increase the amount of product","status":"broken","statusDetails":{"known":false,"muted":false,"flaky":false,"message":"element click intercepted: Element <button type=\"button\" aria-label=\"Increment\" class=\"fs-base p-2 border-0 flex-shrink-0 btn btn-outline-medium\">...</button> is not clickable at point (362, 394). Other element would receive the click: <div class=\"position-fixed top-0 start-0 w-100 h-100 d-flex align-items-center justify-content-center bg-dark bg-opacity-50 transition-2_5 pre-loader opacity-1 active\">...</div>\n  (Session info: chrome=142.0.7444.176)\nBuild info: version: '4.16.1', revision: '9b4c83354e'\nSystem info: os.name: 'Windows 11', os.arch: 'amd64', os.version: '10.0', java.version: '21.0.8'\nDriver info: org.openqa.selenium.chrome.ChromeDriver\nCommand: [61d4271a95dd5ec85f8e0e7ed5fad593, clickElement {id=f.D0BDCC7DCD10FB08BF35639680334121.d.732FCCDAA84D9EA74F1CB747CDA45308.e.7451}]\nCapabilities {acceptInsecureCerts: false, browserName: chrome, browserVersion: 142.0.7444.176, chrome: {chromedriverVersion: 142.0.7444.175 (302067f14a4..., userDataDir: C:\\Users\\SHAHBA~1\\AppData\\L...}, fedcm:accounts: true, goog:chromeOptions: {debuggerAddress: localhost:51477}, goog:processID: 41480, networkConnectionEnabled: false, pageLoadStrategy: normal, platformName: windows, proxy: Proxy(), se:cdp: ws://localhost:51477/devtoo..., se:cdpVersion: 142.0.7444.176, setWindowRect: true, strictFileInteractability: false, timeouts: {implicit: 0, pageLoad: 300000, script: 30000}, unhandledPromptBehavior: dismiss and notify, webauthn:extension:credBlob: true, webauthn:extension:largeBlob: true, webauthn:extension:minPinLength: true, webauthn:extension:prf: true, webauthn:virtualAuthenticators: true}\nElement: [[ChromeDriver: chrome on windows (61d4271a95dd5ec85f8e0e7ed5fad593)] -> xpath: //button[@aria-label=\"Increment\"]]\nSession ID: 61d4271a95dd5ec85f8e0e7ed5fad593","trace":"org.openqa.selenium.ElementClickInterceptedException: element click intercepted: Element <button type=\"button\" aria-label=\"Increment\" class=\"fs-base p-2 border-0 flex-shrink-0 btn btn-outline-medium\">...</button> is not clickable at point (362, 394). Other element would receive the click: <div class=\"position-fixed top-0 start-0 w-100 h-100 d-flex align-items-center justify-content-center bg-dark bg-opacity-50 transition-2_5 pre-loader opacity-1 active\">...</div>\n  (Session info: chrome=142.0.7444.176)\nBuild info: version: '4.16.1', revision: '9b4c83354e'\nSystem info: os.name: 'Windows 11', os.arch: 'amd64', os.version: '10.0', java.version: '21.0.8'\nDriver info: org.openqa.selenium.chrome.ChromeDriver\nCommand: [61d4271a95dd5ec85f8e0e7ed5fad593, clickElement {id=f.D0BDCC7DCD10FB08BF35639680334121.d.732FCCDAA84D9EA74F1CB747CDA45308.e.7451}]\nCapabilities {acceptInsecureCerts: false, browserName: chrome, browserVersion: 142.0.7444.176, chrome: {chromedriverVersion: 142.0.7444.175 (302067f14a4..., userDataDir: C:\\Users\\SHAHBA~1\\AppData\\L...}, fedcm:accounts: true, goog:chromeOptions: {debuggerAddress: localhost:51477}, goog:processID: 41480, networkConnectionEnabled: false, pageLoadStrategy: normal, platformName: windows, proxy: Proxy(), se:cdp: ws://localhost:51477/devtoo..., se:cdpVersion: 142.0.7444.176, setWindowRect: true, strictFileInteractability: false, timeouts: {implicit: 0, pageLoad: 300000, script: 30000}, unhandledPromptBehavior: dismiss and notify, webauthn:extension:credBlob: true, webauthn:extension:largeBlob: true, webauthn:extension:minPinLength: true, webauthn:extension:prf: true, webauthn:virtualAuthenticators: true}\nElement: [[ChromeDriver: chrome on windows (61d4271a95dd5ec85f8e0e7ed5fad593)] -> xpath: //button[@aria-label=\"Increment\"]]\nSession ID: 61d4271a95dd5ec85f8e0e7ed5fad593\r\n\tat java.base/jdk.internal.reflect.DirectConstructorHandleAccessor.newInstance(DirectConstructorHandleAccessor.java:62)\r\n\tat java.base/java.lang.reflect.Constructor.newInstanceWithCaller(Constructor.java:502)\r\n\tat java.base/java.lang.reflect.Constructor.newInstance(Constructor.java:486)\r\n\tat org.openqa.selenium.remote.codec.w3c.W3CHttpResponseCodec.createException(W3CHttpResponseCodec.java:200)\r\n\tat org.openqa.selenium.remote.codec.w3c.W3CHttpResponseCodec.decode(W3CHttpResponseCodec.java:133)\r\n\tat org.openqa.selenium.remote.codec.w3c.W3CHttpResponseCodec.decode(W3CHttpResponseCodec.java:52)\r\n\tat org.openqa.selenium.remote.HttpCommandExecutor.execute(HttpCommandExecutor.java:191)\r\n\tat org.openqa.selenium.remote.service.DriverCommandExecutor.invokeExecute(DriverCommandExecutor.java:200)\r\n\tat org.openqa.selenium.remote.service.DriverCommandExecutor.execute(DriverCommandExecutor.java:175)\r\n\tat org.openqa.selenium.remote.RemoteWebDriver.execute(RemoteWebDriver.java:523)\r\n\tat org.openqa.selenium.remote.RemoteWebElement.execute(RemoteWebElement.java:224)\r\n\tat org.openqa.selenium.remote.RemoteWebElement.click(RemoteWebElement.java:77)\r\n\tat StepDefinitions.Liskart_B2B_PlaceOrder_StepDef.Click_on_Incement_button_to_increase_the_amount_of_product(Liskart_B2B_PlaceOrder_StepDef.java:101)\r\n\tat ✽.Click on Incement button to increase the amount of product(classpath:features/TC005_LiskartB2BPlaceOrder.feature:14)\r\n"},"stage":"finished","steps":[],"attachments":[],"parameters":[],"start":1764653489798,"stop":1764653491130},{"name":"Then Click on proceed to checkout","status":"skipped","statusDetails":{"known":false,"muted":false,"flaky":false},"stage":"finished","steps":[],"attachments":[],"parameters":[],"start":1764653491134,"stop":1764653491135},{"name":"Then Select a payment method","status":"skipped","statusDetails":{"known":false,"muted":false,"flaky":false},"stage":"finished","steps":[],"attachments":[],"parameters":[],"start":1764653491136,"stop":1764653491138},{"name":"And Place the order","status":"skipped","statusDetails":{"known":false,"muted":false,"flaky":false},"stage":"finished","steps":[],"attachments":[],"parameters":[],"start":1764653491144,"stop":1764653491145},{"name":"Then Select how do you pay","status":"skipped","statusDetails":{"known":false,"muted":false,"flaky":false},"stage":"finished","steps":[],"attachments":[],"parameters":[],"start":1764653491147,"stop":1764653491148},{"name":"Then Select a bank to do your payment","status":"skipped","statusDetails":{"known":false,"muted":false,"flaky":false},"stage":"finished","steps":[],"attachments":[],"parameters":[],"start":1764653491149,"stop":1764653491150},{"name":"Then Click on final pay button to pay","status":"skipped","statusDetails":{"known":false,"muted":false,"flaky":false},"stage":"finished","steps":[],"attachments":[],"parameters":[],"start":1764653491150,"stop":1764653491151},{"name":"And Click on success","status":"skipped","statusDetails":{"known":false,"muted":false,"flaky":false},"stage":"finished","steps":[],"attachments":[],"parameters":[],"start":1764653491152,"stop":1764653491154},{"name":"Then View the product","status":"skipped","statusDetails":{"known":false,"muted":false,"flaky":false},"stage":"finished","steps":[],"attachments":[],"parameters":[],"start":1764653491154,"stop":1764653491160}],"attachments":[],"parameters":[],"start":1764653438314,"stop":1764653491167}